{"C:\\07_P02\\devops-project\\devops-project-jiayu\\public\\js\\applyJob.js": {"path":"C:\\07_P02\\devops-project\\devops-project-jiayu\\public\\js\\applyJob.js","statementMap":{"0":{"start":{"line":2,"column":4},"end":{"line":2,"column":38}},"1":{"start":{"line":3,"column":4},"end":{"line":3,"column":80}},"2":{"start":{"line":7,"column":18},"end":{"line":7,"column":86}},"3":{"start":{"line":8,"column":17},"end":{"line":8,"column":70}},"4":{"start":{"line":9,"column":16},"end":{"line":9,"column":61}},"5":{"start":{"line":10,"column":22},"end":{"line":10,"column":80}},"6":{"start":{"line":11,"column":18},"end":{"line":11,"column":72}},"7":{"start":{"line":12,"column":18},"end":{"line":12,"column":72}},"8":{"start":{"line":14,"column":4},"end":{"line":17,"column":5}},"9":{"start":{"line":15,"column":8},"end":{"line":15,"column":44}},"10":{"start":{"line":16,"column":8},"end":{"line":16,"column":15}},"11":{"start":{"line":20,"column":28},"end":{"line":20,"column":66}},"12":{"start":{"line":23,"column":4},"end":{"line":40,"column":5}},"13":{"start":{"line":24,"column":25},"end":{"line":28,"column":10}},"14":{"start":{"line":30,"column":23},"end":{"line":30,"column":44}},"15":{"start":{"line":31,"column":8},"end":{"line":36,"column":9}},"16":{"start":{"line":32,"column":12},"end":{"line":32,"column":57}},"17":{"start":{"line":33,"column":12},"end":{"line":33,"column":46}},"18":{"start":{"line":35,"column":12},"end":{"line":35,"column":69}},"19":{"start":{"line":38,"column":8},"end":{"line":38,"column":62}},"20":{"start":{"line":39,"column":8},"end":{"line":39,"column":69}},"21":{"start":{"line":43,"column":0},"end":{"line":43,"column":25}}},"fnMap":{"0":{"name":"applyJob","decl":{"start":{"line":1,"column":9},"end":{"line":1,"column":17}},"loc":{"start":{"line":1,"column":25},"end":{"line":4,"column":1}},"line":1},"1":{"name":"submitApplication","decl":{"start":{"line":6,"column":15},"end":{"line":6,"column":32}},"loc":{"start":{"line":6,"column":35},"end":{"line":41,"column":1}},"line":6}},"branchMap":{"0":{"loc":{"start":{"line":14,"column":4},"end":{"line":17,"column":5}},"type":"if","locations":[{"start":{"line":14,"column":4},"end":{"line":17,"column":5}},{"start":{},"end":{}}],"line":14},"1":{"loc":{"start":{"line":14,"column":8},"end":{"line":14,"column":55}},"type":"binary-expr","locations":[{"start":{"line":14,"column":8},"end":{"line":14,"column":13}},{"start":{"line":14,"column":17},"end":{"line":14,"column":21}},{"start":{"line":14,"column":25},"end":{"line":14,"column":35}},{"start":{"line":14,"column":39},"end":{"line":14,"column":45}},{"start":{"line":14,"column":49},"end":{"line":14,"column":55}}],"line":14},"2":{"loc":{"start":{"line":31,"column":8},"end":{"line":36,"column":9}},"type":"if","locations":[{"start":{"line":31,"column":8},"end":{"line":36,"column":9}},{"start":{"line":34,"column":15},"end":{"line":36,"column":9}}],"line":31}},"s":{"0":0,"1":0,"2":0,"3":0,"4":0,"5":0,"6":0,"7":0,"8":0,"9":0,"10":0,"11":0,"12":0,"13":0,"14":0,"15":0,"16":0,"17":0,"18":0,"19":0,"20":0,"21":10},"f":{"0":0,"1":0},"b":{"0":[0,0],"1":[0,0,0,0,0],"2":[0,0]},"_coverageSchema":"1a1c01bbd47fc00a2c39e90264f33305004495a9","hash":"0a85c6decd653a290b1d9f8ccedc9273b3f91078"}
,"C:\\07_P02\\devops-project\\devops-project-jiayu\\public\\js\\createJob.js": {"path":"C:\\07_P02\\devops-project\\devops-project-jiayu\\public\\js\\createJob.js","statementMap":{"0":{"start":{"line":2,"column":17},"end":{"line":2,"column":60}},"1":{"start":{"line":3,"column":21},"end":{"line":3,"column":65}},"2":{"start":{"line":4,"column":24},"end":{"line":4,"column":71}},"3":{"start":{"line":5,"column":19},"end":{"line":5,"column":61}},"4":{"start":{"line":6,"column":25},"end":{"line":6,"column":73}},"5":{"start":{"line":7,"column":24},"end":{"line":7,"column":71}},"6":{"start":{"line":10,"column":20},"end":{"line":10,"column":86}},"7":{"start":{"line":13,"column":4},"end":{"line":30,"column":5}},"8":{"start":{"line":14,"column":25},"end":{"line":18,"column":10}},"9":{"start":{"line":19,"column":23},"end":{"line":19,"column":44}},"10":{"start":{"line":20,"column":8},"end":{"line":26,"column":9}},"11":{"start":{"line":21,"column":12},"end":{"line":21,"column":45}},"12":{"start":{"line":22,"column":12},"end":{"line":22,"column":23}},"13":{"start":{"line":23,"column":12},"end":{"line":23,"column":33}},"14":{"start":{"line":25,"column":12},"end":{"line":25,"column":58}},"15":{"start":{"line":28,"column":8},"end":{"line":28,"column":50}},"16":{"start":{"line":29,"column":8},"end":{"line":29,"column":57}},"17":{"start":{"line":34,"column":4},"end":{"line":34,"column":53}},"18":{"start":{"line":35,"column":4},"end":{"line":35,"column":54}},"19":{"start":{"line":36,"column":4},"end":{"line":36,"column":57}},"20":{"start":{"line":37,"column":4},"end":{"line":37,"column":52}},"21":{"start":{"line":38,"column":4},"end":{"line":38,"column":58}},"22":{"start":{"line":39,"column":4},"end":{"line":39,"column":57}},"23":{"start":{"line":40,"column":4},"end":{"line":40,"column":38}},"24":{"start":{"line":43,"column":0},"end":{"line":43,"column":25}}},"fnMap":{"0":{"name":"addJob","decl":{"start":{"line":1,"column":15},"end":{"line":1,"column":21}},"loc":{"start":{"line":1,"column":24},"end":{"line":31,"column":1}},"line":1},"1":{"name":"clearAndCloseModal","decl":{"start":{"line":33,"column":9},"end":{"line":33,"column":27}},"loc":{"start":{"line":33,"column":30},"end":{"line":41,"column":1}},"line":33}},"branchMap":{"0":{"loc":{"start":{"line":20,"column":8},"end":{"line":26,"column":9}},"type":"if","locations":[{"start":{"line":20,"column":8},"end":{"line":26,"column":9}},{"start":{"line":24,"column":15},"end":{"line":26,"column":9}}],"line":20}},"s":{"0":0,"1":0,"2":0,"3":0,"4":0,"5":0,"6":0,"7":0,"8":0,"9":0,"10":0,"11":0,"12":0,"13":0,"14":0,"15":0,"16":0,"17":0,"18":0,"19":0,"20":0,"21":0,"22":0,"23":0,"24":10},"f":{"0":0,"1":0},"b":{"0":[0,0]},"_coverageSchema":"1a1c01bbd47fc00a2c39e90264f33305004495a9","hash":"f3b25f784aaa0519d4c075fa727483796abafea4"}
,"C:\\07_P02\\devops-project\\devops-project-jiayu\\public\\js\\searchJob.js": {"path":"C:\\07_P02\\devops-project\\devops-project-jiayu\\public\\js\\searchJob.js","statementMap":{"0":{"start":{"line":3,"column":4},"end":{"line":9,"column":5}},"1":{"start":{"line":4,"column":25},"end":{"line":4,"column":50}},"2":{"start":{"line":5,"column":21},"end":{"line":5,"column":42}},"3":{"start":{"line":6,"column":8},"end":{"line":6,"column":26}},"4":{"start":{"line":8,"column":8},"end":{"line":8,"column":53}},"5":{"start":{"line":13,"column":20},"end":{"line":13,"column":60}},"6":{"start":{"line":14,"column":27},"end":{"line":14,"column":74}},"7":{"start":{"line":15,"column":18},"end":{"line":15,"column":77}},"8":{"start":{"line":17,"column":4},"end":{"line":27,"column":5}},"9":{"start":{"line":18,"column":25},"end":{"line":18,"column":80}},"10":{"start":{"line":19,"column":8},"end":{"line":24,"column":9}},"11":{"start":{"line":20,"column":25},"end":{"line":20,"column":46}},"12":{"start":{"line":21,"column":12},"end":{"line":21,"column":30}},"13":{"start":{"line":23,"column":12},"end":{"line":23,"column":42}},"14":{"start":{"line":26,"column":8},"end":{"line":26,"column":54}},"15":{"start":{"line":31,"column":24},"end":{"line":31,"column":63}},"16":{"start":{"line":32,"column":4},"end":{"line":32,"column":31}},"17":{"start":{"line":33,"column":4},"end":{"line":36,"column":5}},"18":{"start":{"line":34,"column":8},"end":{"line":34,"column":64}},"19":{"start":{"line":35,"column":8},"end":{"line":35,"column":15}},"20":{"start":{"line":38,"column":4},"end":{"line":56,"column":7}},"21":{"start":{"line":39,"column":24},"end":{"line":39,"column":53}},"22":{"start":{"line":40,"column":8},"end":{"line":40,"column":45}},"23":{"start":{"line":41,"column":8},"end":{"line":54,"column":10}},"24":{"start":{"line":55,"column":8},"end":{"line":55,"column":41}},"25":{"start":{"line":61,"column":0},"end":{"line":61,"column":25}}},"fnMap":{"0":{"name":"loadJobs","decl":{"start":{"line":2,"column":15},"end":{"line":2,"column":23}},"loc":{"start":{"line":2,"column":26},"end":{"line":10,"column":1}},"line":2},"1":{"name":"searchJobs","decl":{"start":{"line":12,"column":15},"end":{"line":12,"column":25}},"loc":{"start":{"line":12,"column":28},"end":{"line":28,"column":1}},"line":12},"2":{"name":"displayJobs","decl":{"start":{"line":30,"column":9},"end":{"line":30,"column":20}},"loc":{"start":{"line":30,"column":27},"end":{"line":57,"column":1}},"line":30},"3":{"name":"(anonymous_3)","decl":{"start":{"line":38,"column":17},"end":{"line":38,"column":18}},"loc":{"start":{"line":38,"column":24},"end":{"line":56,"column":5}},"line":38}},"branchMap":{"0":{"loc":{"start":{"line":19,"column":8},"end":{"line":24,"column":9}},"type":"if","locations":[{"start":{"line":19,"column":8},"end":{"line":24,"column":9}},{"start":{"line":22,"column":15},"end":{"line":24,"column":9}}],"line":19},"1":{"loc":{"start":{"line":33,"column":4},"end":{"line":36,"column":5}},"type":"if","locations":[{"start":{"line":33,"column":4},"end":{"line":36,"column":5}},{"start":{},"end":{}}],"line":33}},"s":{"0":11,"1":11,"2":9,"3":9,"4":1,"5":0,"6":0,"7":0,"8":0,"9":0,"10":0,"11":0,"12":0,"13":0,"14":0,"15":9,"16":9,"17":9,"18":0,"19":0,"20":9,"21":189,"22":189,"23":189,"24":189,"25":10},"f":{"0":11,"1":0,"2":9,"3":189},"b":{"0":[0,0],"1":[0,9]},"_coverageSchema":"1a1c01bbd47fc00a2c39e90264f33305004495a9","hash":"cb6d6ab9aa0890f3e3b396fb9023b8743656f810"}
,"C:\\07_P02\\devops-project\\devops-project-jiayu\\public\\js\\updateJob.js": {"path":"C:\\07_P02\\devops-project\\devops-project-jiayu\\public\\js\\updateJob.js","statementMap":{"0":{"start":{"line":2,"column":4},"end":{"line":25,"column":5}},"1":{"start":{"line":3,"column":25},"end":{"line":3,"column":58}},"2":{"start":{"line":5,"column":8},"end":{"line":7,"column":9}},"3":{"start":{"line":6,"column":12},"end":{"line":6,"column":59}},"4":{"start":{"line":9,"column":20},"end":{"line":9,"column":41}},"5":{"start":{"line":12,"column":8},"end":{"line":12,"column":57}},"6":{"start":{"line":13,"column":8},"end":{"line":13,"column":60}},"7":{"start":{"line":14,"column":8},"end":{"line":14,"column":65}},"8":{"start":{"line":15,"column":8},"end":{"line":15,"column":71}},"9":{"start":{"line":16,"column":8},"end":{"line":16,"column":61}},"10":{"start":{"line":17,"column":8},"end":{"line":17,"column":73}},"11":{"start":{"line":18,"column":8},"end":{"line":18,"column":71}},"12":{"start":{"line":21,"column":8},"end":{"line":21,"column":74}},"13":{"start":{"line":23,"column":8},"end":{"line":23,"column":52}},"14":{"start":{"line":24,"column":8},"end":{"line":24,"column":52}},"15":{"start":{"line":28,"column":18},"end":{"line":28,"column":59}},"16":{"start":{"line":29,"column":4},"end":{"line":29,"column":33}},"17":{"start":{"line":34,"column":32},"end":{"line":34,"column":72}},"18":{"start":{"line":35,"column":4},"end":{"line":35,"column":46}},"19":{"start":{"line":36,"column":4},"end":{"line":36,"column":48}},"20":{"start":{"line":37,"column":4},"end":{"line":37,"column":53}},"21":{"start":{"line":41,"column":34},"end":{"line":41,"column":76}},"22":{"start":{"line":42,"column":4},"end":{"line":42,"column":48}},"23":{"start":{"line":43,"column":4},"end":{"line":43,"column":50}},"24":{"start":{"line":44,"column":4},"end":{"line":44,"column":55}},"25":{"start":{"line":48,"column":18},"end":{"line":48,"column":56}},"26":{"start":{"line":49,"column":20},"end":{"line":49,"column":67}},"27":{"start":{"line":50,"column":21},"end":{"line":50,"column":69}},"28":{"start":{"line":51,"column":24},"end":{"line":51,"column":75}},"29":{"start":{"line":52,"column":19},"end":{"line":52,"column":65}},"30":{"start":{"line":53,"column":25},"end":{"line":53,"column":77}},"31":{"start":{"line":54,"column":24},"end":{"line":54,"column":75}},"32":{"start":{"line":56,"column":32},"end":{"line":56,"column":72}},"33":{"start":{"line":57,"column":34},"end":{"line":57,"column":76}},"34":{"start":{"line":60,"column":4},"end":{"line":60,"column":47}},"35":{"start":{"line":61,"column":4},"end":{"line":61,"column":49}},"36":{"start":{"line":64,"column":4},"end":{"line":67,"column":5}},"37":{"start":{"line":65,"column":8},"end":{"line":65,"column":58}},"38":{"start":{"line":66,"column":8},"end":{"line":66,"column":15}},"39":{"start":{"line":69,"column":4},"end":{"line":72,"column":5}},"40":{"start":{"line":70,"column":8},"end":{"line":70,"column":59}},"41":{"start":{"line":71,"column":8},"end":{"line":71,"column":15}},"42":{"start":{"line":74,"column":4},"end":{"line":77,"column":5}},"43":{"start":{"line":75,"column":8},"end":{"line":75,"column":64}},"44":{"start":{"line":76,"column":8},"end":{"line":76,"column":15}},"45":{"start":{"line":79,"column":20},"end":{"line":79,"column":95}},"46":{"start":{"line":81,"column":4},"end":{"line":105,"column":5}},"47":{"start":{"line":82,"column":25},"end":{"line":86,"column":10}},"48":{"start":{"line":88,"column":8},"end":{"line":100,"column":9}},"49":{"start":{"line":89,"column":12},"end":{"line":89,"column":56}},"50":{"start":{"line":90,"column":12},"end":{"line":90,"column":49}},"51":{"start":{"line":93,"column":12},"end":{"line":96,"column":21}},"52":{"start":{"line":94,"column":16},"end":{"line":94,"column":29}},"53":{"start":{"line":95,"column":16},"end":{"line":95,"column":27}},"54":{"start":{"line":99,"column":12},"end":{"line":99,"column":44}},"55":{"start":{"line":103,"column":8},"end":{"line":103,"column":63}},"56":{"start":{"line":104,"column":8},"end":{"line":104,"column":69}},"57":{"start":{"line":111,"column":0},"end":{"line":116,"column":2}},"58":{"start":{"line":112,"column":18},"end":{"line":112,"column":59}},"59":{"start":{"line":113,"column":4},"end":{"line":115,"column":5}},"60":{"start":{"line":114,"column":8},"end":{"line":114,"column":21}},"61":{"start":{"line":118,"column":0},"end":{"line":118,"column":25}}},"fnMap":{"0":{"name":"updateJob","decl":{"start":{"line":1,"column":15},"end":{"line":1,"column":24}},"loc":{"start":{"line":1,"column":32},"end":{"line":26,"column":1}},"line":1},"1":{"name":"closeModal","decl":{"start":{"line":27,"column":9},"end":{"line":27,"column":19}},"loc":{"start":{"line":27,"column":22},"end":{"line":30,"column":1}},"line":27},"2":{"name":"displayError","decl":{"start":{"line":33,"column":9},"end":{"line":33,"column":21}},"loc":{"start":{"line":33,"column":31},"end":{"line":38,"column":1}},"line":33},"3":{"name":"displaySuccess","decl":{"start":{"line":40,"column":9},"end":{"line":40,"column":23}},"loc":{"start":{"line":40,"column":33},"end":{"line":45,"column":1}},"line":40},"4":{"name":"submitJobUpdate","decl":{"start":{"line":47,"column":15},"end":{"line":47,"column":30}},"loc":{"start":{"line":47,"column":33},"end":{"line":107,"column":1}},"line":47},"5":{"name":"(anonymous_5)","decl":{"start":{"line":93,"column":23},"end":{"line":93,"column":24}},"loc":{"start":{"line":93,"column":29},"end":{"line":96,"column":13}},"line":93},"6":{"name":"(anonymous_6)","decl":{"start":{"line":111,"column":17},"end":{"line":111,"column":18}},"loc":{"start":{"line":111,"column":34},"end":{"line":116,"column":1}},"line":111}},"branchMap":{"0":{"loc":{"start":{"line":5,"column":8},"end":{"line":7,"column":9}},"type":"if","locations":[{"start":{"line":5,"column":8},"end":{"line":7,"column":9}},{"start":{},"end":{}}],"line":5},"1":{"loc":{"start":{"line":64,"column":4},"end":{"line":67,"column":5}},"type":"if","locations":[{"start":{"line":64,"column":4},"end":{"line":67,"column":5}},{"start":{},"end":{}}],"line":64},"2":{"loc":{"start":{"line":64,"column":8},"end":{"line":64,"column":89}},"type":"binary-expr","locations":[{"start":{"line":64,"column":8},"end":{"line":64,"column":16}},{"start":{"line":64,"column":20},"end":{"line":64,"column":29}},{"start":{"line":64,"column":33},"end":{"line":64,"column":45}},{"start":{"line":64,"column":49},"end":{"line":64,"column":56}},{"start":{"line":64,"column":60},"end":{"line":64,"column":73}},{"start":{"line":64,"column":77},"end":{"line":64,"column":89}}],"line":64},"3":{"loc":{"start":{"line":69,"column":4},"end":{"line":72,"column":5}},"type":"if","locations":[{"start":{"line":69,"column":4},"end":{"line":72,"column":5}},{"start":{},"end":{}}],"line":69},"4":{"loc":{"start":{"line":74,"column":4},"end":{"line":77,"column":5}},"type":"if","locations":[{"start":{"line":74,"column":4},"end":{"line":77,"column":5}},{"start":{},"end":{}}],"line":74},"5":{"loc":{"start":{"line":74,"column":8},"end":{"line":74,"column":44}},"type":"binary-expr","locations":[{"start":{"line":74,"column":8},"end":{"line":74,"column":21}},{"start":{"line":74,"column":25},"end":{"line":74,"column":44}}],"line":74},"6":{"loc":{"start":{"line":88,"column":8},"end":{"line":100,"column":9}},"type":"if","locations":[{"start":{"line":88,"column":8},"end":{"line":100,"column":9}},{"start":{"line":97,"column":15},"end":{"line":100,"column":9}}],"line":88},"7":{"loc":{"start":{"line":113,"column":4},"end":{"line":115,"column":5}},"type":"if","locations":[{"start":{"line":113,"column":4},"end":{"line":115,"column":5}},{"start":{},"end":{}}],"line":113}},"s":{"0":9,"1":9,"2":9,"3":1,"4":8,"5":8,"6":8,"7":8,"8":8,"9":8,"10":8,"11":8,"12":8,"13":1,"14":1,"15":2,"16":2,"17":7,"18":7,"19":7,"20":7,"21":1,"22":1,"23":1,"24":1,"25":7,"26":7,"27":7,"28":7,"29":7,"30":7,"31":7,"32":7,"33":7,"34":7,"35":7,"36":7,"37":1,"38":1,"39":6,"40":1,"41":1,"42":5,"43":1,"44":1,"45":4,"46":4,"47":4,"48":3,"49":1,"50":1,"51":1,"52":1,"53":1,"54":2,"55":3,"56":3,"57":10,"58":49,"59":49,"60":1,"61":10},"f":{"0":9,"1":2,"2":7,"3":1,"4":7,"5":1,"6":49},"b":{"0":[1,8],"1":[1,6],"2":[7,6,6,6,6,6],"3":[1,5],"4":[1,4],"5":[5,5],"6":[1,2],"7":[1,48]},"_coverageSchema":"1a1c01bbd47fc00a2c39e90264f33305004495a9","hash":"4e6219fe0b5e23f38b99a297dc7fcd7b6448b303"}
}
