{"C:\\07_P02\\devops-project\\devops-project-jiayu\\public\\js\\apply-job.js": {"path":"C:\\07_P02\\devops-project\\devops-project-jiayu\\public\\js\\apply-job.js","statementMap":{"0":{"start":{"line":2,"column":4},"end":{"line":2,"column":38}},"1":{"start":{"line":3,"column":4},"end":{"line":3,"column":80}},"2":{"start":{"line":7,"column":18},"end":{"line":7,"column":86}},"3":{"start":{"line":8,"column":17},"end":{"line":8,"column":70}},"4":{"start":{"line":9,"column":16},"end":{"line":9,"column":61}},"5":{"start":{"line":10,"column":22},"end":{"line":10,"column":80}},"6":{"start":{"line":11,"column":18},"end":{"line":11,"column":72}},"7":{"start":{"line":12,"column":18},"end":{"line":12,"column":72}},"8":{"start":{"line":14,"column":4},"end":{"line":17,"column":5}},"9":{"start":{"line":15,"column":8},"end":{"line":15,"column":44}},"10":{"start":{"line":16,"column":8},"end":{"line":16,"column":15}},"11":{"start":{"line":19,"column":28},"end":{"line":19,"column":66}},"12":{"start":{"line":21,"column":4},"end":{"line":38,"column":5}},"13":{"start":{"line":22,"column":25},"end":{"line":26,"column":10}},"14":{"start":{"line":28,"column":23},"end":{"line":28,"column":44}},"15":{"start":{"line":29,"column":8},"end":{"line":34,"column":9}},"16":{"start":{"line":30,"column":12},"end":{"line":30,"column":57}},"17":{"start":{"line":31,"column":12},"end":{"line":31,"column":46}},"18":{"start":{"line":33,"column":12},"end":{"line":33,"column":69}},"19":{"start":{"line":36,"column":8},"end":{"line":36,"column":62}},"20":{"start":{"line":37,"column":8},"end":{"line":37,"column":69}}},"fnMap":{"0":{"name":"applyJob","decl":{"start":{"line":1,"column":9},"end":{"line":1,"column":17}},"loc":{"start":{"line":1,"column":25},"end":{"line":4,"column":1}},"line":1},"1":{"name":"submitApplication","decl":{"start":{"line":6,"column":15},"end":{"line":6,"column":32}},"loc":{"start":{"line":6,"column":35},"end":{"line":39,"column":1}},"line":6}},"branchMap":{"0":{"loc":{"start":{"line":14,"column":4},"end":{"line":17,"column":5}},"type":"if","locations":[{"start":{"line":14,"column":4},"end":{"line":17,"column":5}},{"start":{},"end":{}}],"line":14},"1":{"loc":{"start":{"line":14,"column":8},"end":{"line":14,"column":55}},"type":"binary-expr","locations":[{"start":{"line":14,"column":8},"end":{"line":14,"column":13}},{"start":{"line":14,"column":17},"end":{"line":14,"column":21}},{"start":{"line":14,"column":25},"end":{"line":14,"column":35}},{"start":{"line":14,"column":39},"end":{"line":14,"column":45}},{"start":{"line":14,"column":49},"end":{"line":14,"column":55}}],"line":14},"2":{"loc":{"start":{"line":29,"column":8},"end":{"line":34,"column":9}},"type":"if","locations":[{"start":{"line":29,"column":8},"end":{"line":34,"column":9}},{"start":{"line":32,"column":15},"end":{"line":34,"column":9}}],"line":29}},"s":{"0":0,"1":0,"2":0,"3":0,"4":0,"5":0,"6":0,"7":0,"8":0,"9":0,"10":0,"11":0,"12":0,"13":0,"14":0,"15":0,"16":0,"17":0,"18":0,"19":0,"20":0},"f":{"0":0,"1":0},"b":{"0":[0,0],"1":[0,0,0,0,0],"2":[0,0]},"_coverageSchema":"1a1c01bbd47fc00a2c39e90264f33305004495a9","hash":"c1da604967ce4601d7fb17a40d8c17cc3e8b9918"}
,"C:\\07_P02\\devops-project\\devops-project-jiayu\\public\\js\\create-job.js": {"path":"C:\\07_P02\\devops-project\\devops-project-jiayu\\public\\js\\create-job.js","statementMap":{"0":{"start":{"line":2,"column":17},"end":{"line":2,"column":60}},"1":{"start":{"line":3,"column":21},"end":{"line":3,"column":65}},"2":{"start":{"line":4,"column":24},"end":{"line":4,"column":71}},"3":{"start":{"line":5,"column":19},"end":{"line":5,"column":61}},"4":{"start":{"line":6,"column":25},"end":{"line":6,"column":73}},"5":{"start":{"line":7,"column":24},"end":{"line":7,"column":71}},"6":{"start":{"line":9,"column":20},"end":{"line":9,"column":86}},"7":{"start":{"line":11,"column":4},"end":{"line":28,"column":5}},"8":{"start":{"line":12,"column":25},"end":{"line":16,"column":10}},"9":{"start":{"line":17,"column":23},"end":{"line":17,"column":44}},"10":{"start":{"line":18,"column":8},"end":{"line":24,"column":9}},"11":{"start":{"line":19,"column":12},"end":{"line":19,"column":45}},"12":{"start":{"line":20,"column":12},"end":{"line":20,"column":23}},"13":{"start":{"line":21,"column":12},"end":{"line":21,"column":33}},"14":{"start":{"line":23,"column":12},"end":{"line":23,"column":58}},"15":{"start":{"line":26,"column":8},"end":{"line":26,"column":50}},"16":{"start":{"line":27,"column":8},"end":{"line":27,"column":57}},"17":{"start":{"line":32,"column":4},"end":{"line":32,"column":53}},"18":{"start":{"line":33,"column":4},"end":{"line":33,"column":54}},"19":{"start":{"line":34,"column":4},"end":{"line":34,"column":57}},"20":{"start":{"line":35,"column":4},"end":{"line":35,"column":52}},"21":{"start":{"line":36,"column":4},"end":{"line":36,"column":58}},"22":{"start":{"line":37,"column":4},"end":{"line":37,"column":57}},"23":{"start":{"line":38,"column":4},"end":{"line":38,"column":38}}},"fnMap":{"0":{"name":"addJob","decl":{"start":{"line":1,"column":15},"end":{"line":1,"column":21}},"loc":{"start":{"line":1,"column":24},"end":{"line":29,"column":1}},"line":1},"1":{"name":"clearAndCloseModal","decl":{"start":{"line":31,"column":9},"end":{"line":31,"column":27}},"loc":{"start":{"line":31,"column":30},"end":{"line":39,"column":1}},"line":31}},"branchMap":{"0":{"loc":{"start":{"line":18,"column":8},"end":{"line":24,"column":9}},"type":"if","locations":[{"start":{"line":18,"column":8},"end":{"line":24,"column":9}},{"start":{"line":22,"column":15},"end":{"line":24,"column":9}}],"line":18}},"s":{"0":0,"1":0,"2":0,"3":0,"4":0,"5":0,"6":0,"7":0,"8":0,"9":0,"10":0,"11":0,"12":0,"13":0,"14":0,"15":0,"16":0,"17":0,"18":0,"19":0,"20":0,"21":0,"22":0,"23":0},"f":{"0":0,"1":0},"b":{"0":[0,0]},"_coverageSchema":"1a1c01bbd47fc00a2c39e90264f33305004495a9","hash":"19c6f8f2c143510b2e747d4edb39093627ff9497"}
,"C:\\07_P02\\devops-project\\devops-project-jiayu\\public\\js\\search-job.js": {"path":"C:\\07_P02\\devops-project\\devops-project-jiayu\\public\\js\\search-job.js","statementMap":{"0":{"start":{"line":2,"column":20},"end":{"line":2,"column":60}},"1":{"start":{"line":3,"column":27},"end":{"line":3,"column":74}},"2":{"start":{"line":4,"column":18},"end":{"line":4,"column":77}},"3":{"start":{"line":6,"column":4},"end":{"line":16,"column":5}},"4":{"start":{"line":7,"column":25},"end":{"line":7,"column":80}},"5":{"start":{"line":8,"column":8},"end":{"line":13,"column":9}},"6":{"start":{"line":9,"column":25},"end":{"line":9,"column":46}},"7":{"start":{"line":10,"column":12},"end":{"line":10,"column":30}},"8":{"start":{"line":12,"column":12},"end":{"line":12,"column":42}},"9":{"start":{"line":15,"column":8},"end":{"line":15,"column":54}},"10":{"start":{"line":20,"column":24},"end":{"line":20,"column":63}},"11":{"start":{"line":21,"column":4},"end":{"line":21,"column":31}},"12":{"start":{"line":22,"column":4},"end":{"line":25,"column":5}},"13":{"start":{"line":23,"column":8},"end":{"line":23,"column":64}},"14":{"start":{"line":24,"column":8},"end":{"line":24,"column":15}},"15":{"start":{"line":27,"column":4},"end":{"line":45,"column":7}},"16":{"start":{"line":28,"column":24},"end":{"line":28,"column":53}},"17":{"start":{"line":29,"column":8},"end":{"line":29,"column":45}},"18":{"start":{"line":30,"column":8},"end":{"line":43,"column":10}},"19":{"start":{"line":44,"column":8},"end":{"line":44,"column":41}}},"fnMap":{"0":{"name":"searchJobs","decl":{"start":{"line":1,"column":15},"end":{"line":1,"column":25}},"loc":{"start":{"line":1,"column":28},"end":{"line":17,"column":1}},"line":1},"1":{"name":"displayJobs","decl":{"start":{"line":19,"column":9},"end":{"line":19,"column":20}},"loc":{"start":{"line":19,"column":27},"end":{"line":46,"column":1}},"line":19},"2":{"name":"(anonymous_2)","decl":{"start":{"line":27,"column":17},"end":{"line":27,"column":18}},"loc":{"start":{"line":27,"column":24},"end":{"line":45,"column":5}},"line":27}},"branchMap":{"0":{"loc":{"start":{"line":8,"column":8},"end":{"line":13,"column":9}},"type":"if","locations":[{"start":{"line":8,"column":8},"end":{"line":13,"column":9}},{"start":{"line":11,"column":15},"end":{"line":13,"column":9}}],"line":8},"1":{"loc":{"start":{"line":22,"column":4},"end":{"line":25,"column":5}},"type":"if","locations":[{"start":{"line":22,"column":4},"end":{"line":25,"column":5}},{"start":{},"end":{}}],"line":22}},"s":{"0":0,"1":0,"2":0,"3":0,"4":0,"5":0,"6":0,"7":0,"8":0,"9":0,"10":0,"11":0,"12":0,"13":0,"14":0,"15":0,"16":0,"17":0,"18":0,"19":0},"f":{"0":0,"1":0,"2":0},"b":{"0":[0,0],"1":[0,0]},"_coverageSchema":"1a1c01bbd47fc00a2c39e90264f33305004495a9","hash":"061fb4b480a87ca8f10f5c8cbd5fdadac670962a"}
,"C:\\07_P02\\devops-project\\devops-project-jiayu\\public\\js\\update-job.js": {"path":"C:\\07_P02\\devops-project\\devops-project-jiayu\\public\\js\\update-job.js","statementMap":{"0":{"start":{"line":2,"column":4},"end":{"line":16,"column":5}},"1":{"start":{"line":3,"column":25},"end":{"line":3,"column":58}},"2":{"start":{"line":4,"column":20},"end":{"line":4,"column":41}},"3":{"start":{"line":6,"column":8},"end":{"line":6,"column":57}},"4":{"start":{"line":7,"column":8},"end":{"line":7,"column":60}},"5":{"start":{"line":8,"column":8},"end":{"line":8,"column":65}},"6":{"start":{"line":9,"column":8},"end":{"line":9,"column":71}},"7":{"start":{"line":10,"column":8},"end":{"line":10,"column":61}},"8":{"start":{"line":11,"column":8},"end":{"line":11,"column":73}},"9":{"start":{"line":12,"column":8},"end":{"line":12,"column":71}},"10":{"start":{"line":13,"column":8},"end":{"line":13,"column":74}},"11":{"start":{"line":15,"column":8},"end":{"line":15,"column":52}},"12":{"start":{"line":20,"column":18},"end":{"line":20,"column":56}},"13":{"start":{"line":21,"column":20},"end":{"line":21,"column":67}},"14":{"start":{"line":22,"column":21},"end":{"line":22,"column":69}},"15":{"start":{"line":23,"column":24},"end":{"line":23,"column":75}},"16":{"start":{"line":24,"column":19},"end":{"line":24,"column":58}},"17":{"start":{"line":25,"column":25},"end":{"line":25,"column":77}},"18":{"start":{"line":26,"column":24},"end":{"line":26,"column":75}},"19":{"start":{"line":28,"column":4},"end":{"line":31,"column":5}},"20":{"start":{"line":29,"column":8},"end":{"line":29,"column":51}},"21":{"start":{"line":30,"column":8},"end":{"line":30,"column":15}},"22":{"start":{"line":33,"column":4},"end":{"line":36,"column":5}},"23":{"start":{"line":34,"column":8},"end":{"line":34,"column":45}},"24":{"start":{"line":35,"column":8},"end":{"line":35,"column":15}},"25":{"start":{"line":38,"column":4},"end":{"line":41,"column":5}},"26":{"start":{"line":39,"column":8},"end":{"line":39,"column":51}},"27":{"start":{"line":40,"column":8},"end":{"line":40,"column":15}},"28":{"start":{"line":43,"column":20},"end":{"line":43,"column":95}},"29":{"start":{"line":45,"column":4},"end":{"line":61,"column":5}},"30":{"start":{"line":46,"column":25},"end":{"line":50,"column":10}},"31":{"start":{"line":52,"column":8},"end":{"line":58,"column":9}},"32":{"start":{"line":53,"column":12},"end":{"line":53,"column":47}},"33":{"start":{"line":54,"column":12},"end":{"line":54,"column":25}},"34":{"start":{"line":55,"column":12},"end":{"line":55,"column":23}},"35":{"start":{"line":57,"column":12},"end":{"line":57,"column":40}},"36":{"start":{"line":60,"column":8},"end":{"line":60,"column":52}},"37":{"start":{"line":65,"column":4},"end":{"line":65,"column":69}}},"fnMap":{"0":{"name":"updateJob","decl":{"start":{"line":1,"column":15},"end":{"line":1,"column":24}},"loc":{"start":{"line":1,"column":32},"end":{"line":17,"column":1}},"line":1},"1":{"name":"submitJobUpdate","decl":{"start":{"line":19,"column":15},"end":{"line":19,"column":30}},"loc":{"start":{"line":19,"column":33},"end":{"line":62,"column":1}},"line":19},"2":{"name":"closeModal","decl":{"start":{"line":64,"column":9},"end":{"line":64,"column":19}},"loc":{"start":{"line":64,"column":22},"end":{"line":66,"column":1}},"line":64}},"branchMap":{"0":{"loc":{"start":{"line":28,"column":4},"end":{"line":31,"column":5}},"type":"if","locations":[{"start":{"line":28,"column":4},"end":{"line":31,"column":5}},{"start":{},"end":{}}],"line":28},"1":{"loc":{"start":{"line":28,"column":8},"end":{"line":28,"column":89}},"type":"binary-expr","locations":[{"start":{"line":28,"column":8},"end":{"line":28,"column":16}},{"start":{"line":28,"column":20},"end":{"line":28,"column":29}},{"start":{"line":28,"column":33},"end":{"line":28,"column":45}},{"start":{"line":28,"column":49},"end":{"line":28,"column":56}},{"start":{"line":28,"column":60},"end":{"line":28,"column":73}},{"start":{"line":28,"column":77},"end":{"line":28,"column":89}}],"line":28},"2":{"loc":{"start":{"line":33,"column":4},"end":{"line":36,"column":5}},"type":"if","locations":[{"start":{"line":33,"column":4},"end":{"line":36,"column":5}},{"start":{},"end":{}}],"line":33},"3":{"loc":{"start":{"line":33,"column":8},"end":{"line":33,"column":66}},"type":"binary-expr","locations":[{"start":{"line":33,"column":8},"end":{"line":33,"column":35}},{"start":{"line":33,"column":39},"end":{"line":33,"column":66}}],"line":33},"4":{"loc":{"start":{"line":38,"column":4},"end":{"line":41,"column":5}},"type":"if","locations":[{"start":{"line":38,"column":4},"end":{"line":41,"column":5}},{"start":{},"end":{}}],"line":38},"5":{"loc":{"start":{"line":52,"column":8},"end":{"line":58,"column":9}},"type":"if","locations":[{"start":{"line":52,"column":8},"end":{"line":58,"column":9}},{"start":{"line":56,"column":15},"end":{"line":58,"column":9}}],"line":52}},"s":{"0":0,"1":0,"2":0,"3":0,"4":0,"5":0,"6":0,"7":0,"8":0,"9":0,"10":0,"11":0,"12":0,"13":0,"14":0,"15":0,"16":0,"17":0,"18":0,"19":0,"20":0,"21":0,"22":0,"23":0,"24":0,"25":0,"26":0,"27":0,"28":0,"29":0,"30":0,"31":0,"32":0,"33":0,"34":0,"35":0,"36":0,"37":0},"f":{"0":0,"1":0,"2":0},"b":{"0":[0,0],"1":[0,0,0,0,0,0],"2":[0,0],"3":[0,0],"4":[0,0],"5":[0,0]},"_coverageSchema":"1a1c01bbd47fc00a2c39e90264f33305004495a9","hash":"ffe1f67257c837474675821394353ea291af5354"}
}
