{"total": {"lines":{"total":113,"covered":45,"skipped":0,"pct":39.82},"statements":{"total":113,"covered":45,"skipped":0,"pct":39.82},"functions":{"total":12,"covered":7,"skipped":0,"pct":58.33},"branches":{"total":33,"covered":14,"skipped":0,"pct":42.42},"branchesTrue":{"total":0,"covered":0,"skipped":0,"pct":"Unknown"}}
,"C:\\07_P02\\devops-project\\devops-project-jiayu\\public\\js\\job.js": {"lines":{"total":113,"covered":45,"skipped":0,"pct":39.82},"functions":{"total":12,"covered":7,"skipped":0,"pct":58.33},"statements":{"total":113,"covered":45,"skipped":0,"pct":39.82},"branches":{"total":33,"covered":14,"skipped":0,"pct":42.42}}
}
