TN:
SF:public\js\applyJob.js
FN:1,applyJob
FN:6,submitApplication
FNF:2
FNH:0
FNDA:0,applyJob
FNDA:0,submitApplication
DA:2,0
DA:3,0
DA:7,0
DA:8,0
DA:9,0
DA:10,0
DA:11,0
DA:12,0
DA:14,0
DA:15,0
DA:16,0
DA:20,0
DA:23,0
DA:24,0
DA:30,0
DA:31,0
DA:32,0
DA:33,0
DA:35,0
DA:38,0
DA:39,0
DA:43,10
LF:22
LH:1
BRDA:14,0,0,0
BRDA:14,0,1,0
BRDA:14,1,0,0
BRDA:14,1,1,0
BRDA:14,1,2,0
BRDA:14,1,3,0
BRDA:14,1,4,0
BRDA:31,2,0,0
BRDA:31,2,1,0
BRF:9
BRH:0
end_of_record
TN:
SF:public\js\createJob.js
FN:1,addJob
FN:33,clearAndCloseModal
FNF:2
FNH:0
FNDA:0,addJob
FNDA:0,clearAndCloseModal
DA:2,0
DA:3,0
DA:4,0
DA:5,0
DA:6,0
DA:7,0
DA:10,0
DA:13,0
DA:14,0
DA:19,0
DA:20,0
DA:21,0
DA:22,0
DA:23,0
DA:25,0
DA:28,0
DA:29,0
DA:34,0
DA:35,0
DA:36,0
DA:37,0
DA:38,0
DA:39,0
DA:40,0
DA:43,10
LF:25
LH:1
BRDA:20,0,0,0
BRDA:20,0,1,0
BRF:2
BRH:0
end_of_record
TN:
SF:public\js\searchJob.js
FN:2,loadJobs
FN:12,searchJobs
FN:30,displayJobs
FN:38,(anonymous_3)
FNF:4
FNH:3
FNDA:11,loadJobs
FNDA:0,searchJobs
FNDA:10,displayJobs
FNDA:80,(anonymous_3)
DA:3,11
DA:4,11
DA:5,10
DA:6,10
DA:8,0
DA:13,0
DA:14,0
DA:15,0
DA:17,0
DA:18,0
DA:19,0
DA:20,0
DA:21,0
DA:23,0
DA:26,0
DA:31,10
DA:32,10
DA:33,10
DA:34,0
DA:35,0
DA:38,10
DA:39,80
DA:40,80
DA:41,80
DA:55,80
DA:61,10
LF:26
LH:13
BRDA:19,0,0,0
BRDA:19,0,1,0
BRDA:33,1,0,0
BRDA:33,1,1,10
BRF:4
BRH:1
end_of_record
TN:
SF:public\js\updateJob.js
FN:1,updateJob
FN:27,closeModal
FN:33,displayError
FN:40,displaySuccess
FN:47,submitJobUpdate
FN:93,(anonymous_5)
FN:99,(anonymous_6)
FN:113,(anonymous_7)
FNF:8
FNH:7
FNDA:9,updateJob
FNDA:2,closeModal
FNDA:7,displayError
FNDA:1,displaySuccess
FNDA:7,submitJobUpdate
FNDA:1,(anonymous_5)
FNDA:0,(anonymous_6)
FNDA:49,(anonymous_7)
DA:2,9
DA:3,9
DA:5,9
DA:6,1
DA:9,8
DA:12,8
DA:13,8
DA:14,8
DA:15,8
DA:16,8
DA:17,8
DA:18,8
DA:21,8
DA:23,1
DA:24,1
DA:28,2
DA:29,2
DA:34,7
DA:35,7
DA:36,7
DA:37,7
DA:41,1
DA:42,1
DA:43,1
DA:44,1
DA:48,7
DA:49,7
DA:50,7
DA:51,7
DA:52,7
DA:53,7
DA:54,7
DA:56,7
DA:57,7
DA:60,7
DA:61,7
DA:64,7
DA:65,1
DA:66,1
DA:69,6
DA:70,1
DA:71,1
DA:74,5
DA:75,1
DA:76,1
DA:79,4
DA:81,4
DA:82,4
DA:88,3
DA:89,1
DA:90,1
DA:93,1
DA:94,1
DA:95,1
DA:99,2
DA:100,2
DA:101,2
DA:105,1
DA:106,1
DA:113,10
DA:114,49
DA:115,49
DA:116,1
DA:120,10
LF:64
LH:64
BRDA:5,0,0,1
BRDA:5,0,1,8
BRDA:64,1,0,1
BRDA:64,1,1,6
BRDA:64,2,0,7
BRDA:64,2,1,6
BRDA:64,2,2,6
BRDA:64,2,3,6
BRDA:64,2,4,6
BRDA:64,2,5,6
BRDA:69,3,0,1
BRDA:69,3,1,5
BRDA:74,4,0,1
BRDA:74,4,1,4
BRDA:74,5,0,5
BRDA:74,5,1,5
BRDA:88,6,0,1
BRDA:88,6,1,2
BRDA:100,7,0,2
BRDA:100,7,1,1
BRDA:105,8,0,1
BRDA:105,8,1,0
BRDA:115,9,0,1
BRDA:115,9,1,48
BRF:24
BRH:23
end_of_record
