TN:
SF:public\js\applyJob.js
FN:1,applyJob
FN:6,submitApplication
FNF:2
FNH:0
FNDA:0,applyJob
FNDA:0,submitApplication
DA:2,0
DA:3,0
DA:7,0
DA:8,0
DA:9,0
DA:10,0
DA:11,0
DA:12,0
DA:14,0
DA:15,0
DA:16,0
DA:20,0
DA:23,0
DA:24,0
DA:30,0
DA:31,0
DA:32,0
DA:33,0
DA:35,0
DA:38,0
DA:39,0
DA:43,10
LF:22
LH:1
BRDA:14,0,0,0
BRDA:14,0,1,0
BRDA:14,1,0,0
BRDA:14,1,1,0
BRDA:14,1,2,0
BRDA:14,1,3,0
BRDA:14,1,4,0
BRDA:31,2,0,0
BRDA:31,2,1,0
BRF:9
BRH:0
end_of_record
TN:
SF:public\js\createJob.js
FN:1,addJob
FN:33,clearAndCloseModal
FNF:2
FNH:0
FNDA:0,addJob
FNDA:0,clearAndCloseModal
DA:2,0
DA:3,0
DA:4,0
DA:5,0
DA:6,0
DA:7,0
DA:10,0
DA:13,0
DA:14,0
DA:19,0
DA:20,0
DA:21,0
DA:22,0
DA:23,0
DA:25,0
DA:28,0
DA:29,0
DA:34,0
DA:35,0
DA:36,0
DA:37,0
DA:38,0
DA:39,0
DA:40,0
DA:43,10
LF:25
LH:1
BRDA:20,0,0,0
BRDA:20,0,1,0
BRF:2
BRH:0
end_of_record
TN:
SF:public\js\searchJob.js
FN:2,loadJobs
FN:12,searchJobs
FN:30,displayJobs
FN:38,(anonymous_3)
FNF:4
FNH:3
FNDA:10,loadJobs
FNDA:0,searchJobs
FNDA:10,displayJobs
FNDA:10,(anonymous_3)
DA:3,10
DA:4,10
DA:5,10
DA:6,10
DA:8,0
DA:13,0
DA:14,0
DA:15,0
DA:17,0
DA:18,0
DA:19,0
DA:20,0
DA:21,0
DA:23,0
DA:26,0
DA:31,10
DA:32,10
DA:33,10
DA:34,0
DA:35,0
DA:38,10
DA:39,10
DA:40,10
DA:41,10
DA:55,10
DA:61,10
LF:26
LH:13
BRDA:19,0,0,0
BRDA:19,0,1,0
BRDA:33,1,0,0
BRDA:33,1,1,10
BRF:4
BRH:1
end_of_record
TN:
SF:public\js\updateJob.js
FN:1,updateJob
FN:28,closeModal
FN:33,displayMessage
FN:43,submitJobUpdate
FN:82,(anonymous_4)
FN:96,(anonymous_5)
FNF:6
FNH:5
FNDA:9,updateJob
FNDA:1,closeModal
FNDA:7,displayMessage
FNDA:7,submitJobUpdate
FNDA:0,(anonymous_4)
FNDA:49,(anonymous_5)
DA:2,9
DA:3,9
DA:5,9
DA:6,1
DA:9,8
DA:12,8
DA:13,8
DA:14,8
DA:15,8
DA:16,8
DA:17,8
DA:18,8
DA:21,8
DA:23,1
DA:24,1
DA:29,1
DA:30,1
DA:35,7
DA:36,6
DA:37,1
DA:38,1
DA:40,7
DA:44,7
DA:45,7
DA:46,7
DA:47,7
DA:48,7
DA:49,7
DA:50,7
DA:53,7
DA:54,1
DA:55,1
DA:58,6
DA:59,1
DA:60,1
DA:63,5
DA:64,1
DA:65,1
DA:68,4
DA:70,4
DA:71,4
DA:77,3
DA:78,1
DA:79,1
DA:82,1
DA:83,0
DA:84,0
DA:87,2
DA:88,2
DA:91,0
DA:92,0
DA:96,10
DA:97,49
DA:98,49
DA:99,1
DA:103,10
LF:56
LH:52
BRDA:5,0,0,1
BRDA:5,0,1,8
BRDA:35,1,0,6
BRDA:35,1,1,1
BRDA:37,2,0,1
BRDA:37,2,1,0
BRDA:40,3,0,6
BRDA:40,3,1,1
BRDA:53,4,0,1
BRDA:53,4,1,6
BRDA:53,5,0,7
BRDA:53,5,1,6
BRDA:53,5,2,6
BRDA:53,5,3,6
BRDA:53,5,4,6
BRDA:53,5,5,6
BRDA:58,6,0,1
BRDA:58,6,1,5
BRDA:63,7,0,1
BRDA:63,7,1,4
BRDA:63,8,0,5
BRDA:63,8,1,5
BRDA:77,9,0,1
BRDA:77,9,1,2
BRDA:88,10,0,2
BRDA:88,10,1,1
BRDA:91,11,0,0
BRDA:91,11,1,0
BRDA:98,12,0,1
BRDA:98,12,1,48
BRF:30
BRH:27
end_of_record
